FN: 1,渭南电大xx春招生马上结束
 
FN: 1,靓丽伊人季
 
FN: 1,西安实地考察公司并参观材料展厅，从设计到选材，从装修到家具配饰全面了解，从而为您节省每一分钱！专车接送！ 时间:明天早上x点xx 地点
 
FN: 1,今天很残酷
 
FN: 1,淑女坊x月x号—x月x号
 
FN: 1,[威远县实验小学]尊敬的唐广家长
 
FN: 1,武汉欧度卫浴x月xx-x月xx
 
FN: 1,现金高价收购 光缆、尾纤、光模块，分路器、分光器，交换机，GPON/OLT/ONU，馈线，器件，天线，网线及工程余料 xxxxxxxx
 
FN: 1,广州市广嘉汽车配件有限公司
 
FN: 1,x月x日～x月xx日
 
FN: 1,为庆祝适而居整体衣柜荣获xxxx一xxxx年中国工商联评选的十大定制衣柜品牌
 
FN: 1,【大成方略】x月xx-xx日在厦门举办建安业营改增纳税设计与财务管理大会
 
FN: 1,关爱生命健康从饮水做起.沁园净水机河口银座店
 
FN: 1,xxxxxxxxOOOxxxxxxxx……陈金财。邮政
 
FN: 1,【雅诗兰黛】新一年的化妆品节现已开始预售
 
FN: 1,蚂蚁私房菜鲤城店
 
FP: 0,正品原价仅需￥xxxx…德嘉专业师傅细心安装中…英氏
 
FN: 1,東方錦鲤
 
FN: 1,开户行：中国农业银行，收款人
 
FN: 1,继xx年完美 操 作
 
FN: 1,河源万绿湖畔镜花缘、桂山野人谷、福源果场摘果x天经典游
 
FP: 0,"招聘方急招""水果检鲜员""x名：每天负责吃刚摘下的水果"
 
FN: 1,  好消息
 
FP: 0,好活动“x折限时抢苹果干细胞美白嫩肤蚕丝面膜贴”推荐给你
 
FN: 1,初三学生都在外接受x对x个性化辅导
 
FN: 1,西城年华小四女及望月公寓小三女作业xx元/时；西溪风情初一女英科学xx元/时；之江公寓高一女数理化xx元/时请回电神舟家教xxxxxxxx佘
 
FN: 1,琴韵华庭xxx平xx万一楼架空
 
FN: 1,衣晓名都感恩钜惠
 
FN: 1,全友家居
 
FN: 1,兄弟们，我现在是深圳家云智能科技有限责任公司上海总代理，为地产商提供智能社区，智能办公，智能酒店，智能家居产品设计及整体规划方案，对商
 
FP: 0,近水楼台先得月~欢迎各位老板吧店铺交给我们打理~我们有美貌与智慧并肩的最强运营妹子
 
FN: 1,阳光财产保险长乐支公司
 
FN: 1,大雷岛度假村有限公司在此祝愿新老客户身体健康
 
FN: 1,b尾数为xxxx的用户你好！想知你愛人
 
FN: 1,【云山国际】双地铁花园式铂金豪寓
 
FN: 1,鸡飞狗跳猛虎来
 
FP: 0,现在虹口店新柜登场至8/9全场商品满1680元送价值420元的背提包一个~数量有限哟
 
FN: 1,峰，欧美风格造型，靠得主、方便用、值得买，超高性价比，维修保养成本底，终身的优质售后服务，中国平安承保产品责任险，让风光物超所值。试驾
 
FN: 1,xxxxxxxxxxxxxxxxxx上海银行卞彩珍
 
FN: 1,龙腾工程机械
 
FN: 1,三月七日
 
FP: 0,xxx地铁至天府广场xx的士到川博xx水xx观光车x*x=xx观光车至锦里x*x=xx夜宵xx水果xx计xxx
 
FN: 1,凡在浩鸣机车购车者均可免费更换机油一桶
 
FN: 1,亲们，谁家需要油烟机，燃先灶（老板）牌的，我可以给大家打六五折，
 
FN: 1,优美世界为您提供专业美容养生
 
FN: 1,南京五洲星世纪商贸城
 
FP: 0,：宁夏蓝海大宗商品白银铜原油铂金镍诚招全国免费代理白银x个点回本返佣xxx一手起步铜x手xxx吨xx个点回本一手返佣xxxx起步原油x
 
FN: 1,各校优秀的一线教师进行教学
 
FP: 0,获得奖金￥xxxxx元人民币以及苹果公司赞助的苹果笔记本电脑一台
 
FP: 0,报团热线：xxxxxxxxxxx~~~另有火把广场附近宾馆房间
 
FN: 1,专职从事德州扑克俱乐部管理、德州扑克赛事管理、德州扑克连锁加盟、德州扑克网络推广、德州扑克俱乐部场地设计装修、销售德州扑克用品和德州扑
 
FN: 1,康力加健身俱乐部欢迎您
 
FN: 1,色彩和新款式到店。清新脱俗的绿、黄条纹短袖
 
FP: 0,新品上市引销售狂潮常州办公家具最高档最前沿常州巨凝聚集团有限公司是我们的老客户转介绍过来的
 
FN: 1,农行朱千忠xxxxxxxxxxxxxxxxOxx
 
FP: 0,有意者联系：xxxxxxxxxxx
 
FP: 0,无锡开锁换锁指纹密码锁安装配汽车钥匙门禁卡欢迎致电82309110
 
FP: 0,送xxx分钟每月赠送xxx条短信打福建联通号码免费在线办理：
 
FP: 0,广州浪漫租赁公司欢迎致电——87792020
 
FP: 0,武汉智垒SLA3D打印机知名品牌全新升级欢迎您咨询购买
 
FN: 1,xxx期:丁字值得看
 
FN: 1,寿县唯一双湖御景居住中心
 
FN: 1,连江(格哥屋外贸童装)大淸仓
 
FN: 1,最近除主材上了很多新样品，工艺工地也齐全了，从隐蔽工程水电，贴砖，吊顶，木工，防水，等一系列工艺，欢迎来参观，考察，对比，了解…九品小郑
 
FN: 1,xxx期失利的友友
 
FP: 0,费列罗巧克力、xxx元银泰消费卡、电瓶车等等
 
FN: 1,中国农业银行xxxx
 
FN: 1,派瑞丝娱乐KTV
 
FN: 1,柠檬时代淘淘乐招聘兼职一名，要求无晚自习，工作时间，晚六点到十点，底薪xxx+x.xx的提成，有意者私聊非诚勿扰
 
FP: 0,名片\单页\画册\手提袋\纸箱\纸杯\会员卡\海报\代金券\门票\入会证\无纺布袋\票据\稿纸\笔记本\无碳联单\广告所需喷绘\写真\X展架\易拉宝\吊旗\地贴\路牌\路标\标识等
 
FN: 1,汇通快递拥有一流的运输团队专业承接国际国内业务
 
FN: 1,过江龙水暖是水暖小件第一品牌，主要有防爆编织软管、纯铜角阀、纯铜水嘴、防臭下水、防臭下水管、防臭地漏、防摔花洒等。xxxxxxxxxxxx
 
FN: 1,送胸衣一件，买三件送胸衣两件，买得多送得多，
 
FN: 1,大马庄村里爱得利总店， 雀巢奶粉整箱x
 
FP: 0,一品CG推出的x/x公寓包含了清水层、精装层、酒店层、商业层、办公层五大新功能分层
 
FN: 1,$朋友
 
FN: 1,楼市首讯-公园世家:新推生态学区房特惠xxxx元封顶
 
FN: 1,引领娱乐新模式，改变时代新坐标，激情午夜在缪斯。每座城市都会有家「苏格?缪斯」每一个苏格缪斯都有会有一个缪斯女神、比白天更精彩----
 
FN: 1,红河大道健之佳x.x
 
FN: 1,湛江小阿华理发中心提供上门为婴幼儿理发、胎毛笔及手足印的承制
 
FN: 1,上雅教育春季同步课程本周正式开班了
 
FN: 1,中北路汉街地铁口同成富苑
 
FN: 1,xx年哙计从业
 
FN: 1,建行xxxx
 
FP: 0,无锡恒隆广场xx楼体验店欢迎您
 
FP: 0,已有新华人寿的金爱丽、平安人寿的赵小东、太平人寿的刘国琴和信诚人寿的晋春娟等mdrt中国区会员入驻
 
FN: 1,别墅住宅区，仅xxx户，物业服务将更周到。我们首创的x+x情景叠墅和联排别墅，绝版一线临湖，没有遮挡物。地铁x、x号线开通后，半小时内
 
FN: 1,VIVA酒吧今晚x月份，新进一批美女模特拳手，能喝能劈，自己认为是酒神的来。女神x米x高度。土豪们来吧。我等着你们，阿海
 
FN: 1,跑男邓超代言森歌集成灶：CCTVx.x.x.套浙江江苏卫视正在热播，我们只做高端厨电是森歌公司的理念，厨电选品牌，安全又放心
 
FN: 1,xxxx期头xxx尾xxx主攻xx头xx尾
 
FP: 0,倡议书：如果您致电xxxxx、xxxxx或者xxxxx客服
 
FN: 1,贵宾
 
FN: 1,场外幸运用户
 
FN: 1,~朋友
 
FN: 1,田心:带领众多美/女入住【盛世豪门】，有活动的老大可以给田心打电话了，【田心】祝老大周末愉快！
 
FN: 1,上海潮府馆大量招聘服务员、传菜员、后勤员.待遇优厚
 
FP: 0,高价回收二手手机②信用卡??提额套现代办养卡③大额贷款小额贷款
 
FN: 1,植物医生 植物医生
 
FP: 0,各位亲爱的顾客朋友们：本店将于x月xx日至x月xx日三天外出旅游
 
FN: 1,广州东普墙纸辅料有限公司河南分公司
 
FN: 1,纽约、伦敦T台秀场潮流色彩
 
FN: 1,领先教育:初
 
FN: 1,，电视柜，餐台，餐椅最低套套餐只需要xxxxx
 
FN: 1,雀巢超级能恩x段
 
FP: 0,企业家金融财务学习热线xxxxxxxxxxx——中国HCE郝未来
 
FN: 1,xxxx  xxxx  xxxx  xxxx    交行，孟曙光
 
FP: 0,┊JongHyun°┊图片xxxxxx┊橘子果酱脸书更新李宗泫相关一则附图xP日期：xxxx
 
FP: 0,高丝、百丽、千百度、沙驰、雅戈尔、利郎、太平鸟、雅莹、娜尔思、好孩子、大牌巨献
 
FN: 1,满载诚信
 
FP: 0,农村信用社、农村商业银行、农村合作银行的大同小异：
 
FN: 1,農行.唐瑞福.帳號
 
FN: 1,东莞大型电子厂招聘批量农民工xxxx名
 
FN: 1,滦县华威汽贸联系一批lng陕汽德龙，配置S xxxxxMNxxxT L德龙Mxxxx标准驾驶室/潍柴 国四LNG天然气xxx马力发动机
 
FN: 1,xxxx版普通牌智能仪器
 
FP: 0,6T中尾段中出排气管·原位安装方便快捷·质量做工无需质疑·声浪迷人线性·效果十分给力安装案例过百·欢迎咨询订购
 
FN: 1,......    白茜祛黄提亮隔离乳   原价xx元     现价xo元      自然堂
 
FN: 1,卢浮宫元宵喜乐会
 
FN: 1,肇庆市无担、保
 
FN: 1,高价收售:酒店
 
FN: 1,有普通、增値、专用%xx、lxxxxxxxxxx
 
FN: 1,浩森时*贷
 
FN: 1,附近
 
FN: 1,龙鼎木门x月xx
 
FN: 1,温馨提醒：证件制作公司联系电话:一三五.五八一一.五九三三
 
FP: 0,欢迎广大新老客户前来咨询或订购
 
FN: 1,专业收购处理价的男女皮衣电话xxxxxxxxxxx
 
FP: 0,宝应县文化馆艺博培训欢迎您
 
FN: 1,上海大众友芝友汉阳xS店
 
FN: 1,种信用贷款
 
FP: 0,春季长高黄金期~孩子长身体~必吃的菜
 
FN: 1,一次两百，过夜四百，你如果想要的话就把地址发过来，你一定会满意的
 
FN: 1,，可帮信用卡套现，公积金套现，信用卡垫还。代装低利率移动pos机、手机拉卡拉。 接扬州大市抵押贷款 扬州、高邮、仪征房产一押二押，江都
 
FN: 1,锦弘辅导班火热报名了，孩子们，倪老师在这里等你们哦!让我们一起加油，一起进步!
 
FN: 1,代办证件有需要联系我Qxxxxxxxxxx
 
FP: 0,真心抵过去x双啊~现在上x白菜抢码最高享受x折哟
 
FN: 1,还在为找工作。升职而烦恼吗？专业办理.真实入网学历； 资格书=档案全
 
FN: 1,“香巿八斗”春季增加“练字班”(中宫格练字)
 
FN: 1,江北街xx号恒恩球体办事处:专营DNxx以上xxx
 
FN: 1,朋友！有缘接到短信的您太幸运了，现在我们正处在一个历史转折时期。人类将有大事发生，因为赤匪在历次运动中害死中国八千万同胞。现在上天要清
 
FN: 1,华侨城苏果玉兰油活动开始了，各档活动满减、赠礼精彩纷程赶紧来参加吧
 
FN: 1,美容、护肤、彩妆、保健等产品的经销和零售。线上线下双向发展，现为广招人才，提升空间较大，望有志者携手共创佳绩！
 
FP: 0,欢迎您到BICCAMERA有乐町店3层药妆店选购
 
FP: 0,海门上元书法培训——xxxxxxxxxxx
 
FN: 1,申搏娱乐《xxxxxxsun.C/x/M》
 
FN: 1,程辅导。〝中考保效班
 
FP: 0,尊敬的各位：咖喱一家天马店明天开始x月x日至x月xx日店面升级
 
FN: 1,年有超过xxx对新人结成连理   同在三楼的和谐厅层高x米满足温馨私密的家庭聚餐 小型宴会需要   绿地万豪酒店致力给您带来最好的服务
 
FN: 1,上海银行 何鸣跃 卡号xxxxxxOOxOxxxxxxOx
 
FP: 0,┊JongHyun°┊视频xxxxxx┊橘子果酱Exx预告李宗泫相关视频一则日期：xxxx
 
FN: 1,专业办理POS机！有需要可以打电话给我！
 
FP: 0,正宗越野车专过水坑泥坑想出海扑鱼出海泡妞出海谈生意的朋友联系我们滴滴打船热线xxxxxxxxxxx
 
FN: 1,机会决定一生!福/建会/计从/业资格考/试倒计时
 
FN: 1,需增票的把开票资料发给我，方便的话加qxxxxxxxxxx
 
FN: 1,电信光宽带暑期盛惠
 
FN: 1,有需要可以联系我，做办公室装修的，。我的QQxxxxxxxxx里面有做好的效果图。
 
FN: 1,冬去春来，貸神出场
 
FN: 1,间有限
 
FN: 1,上海潮府馆大量招聘保安员、厨房学徒、前台咨客、服务员、传菜员、后勤员.待遇优厚
 
FN: 1,口爆一次xxx两次xxx带按摩
 
FP: 0,欢迎致电15720511738
 
FN: 1,邮政xxxxxxxxxxxxxxxxx郑泽群
 
FN: 1,还在为找工作。升职而烦恼吗？专业办理.真实入网学历‘ 资格书=档案全
 
FN: 1,泽日电梯何工:为你提供专业的日立电梯技术支持
 
FN: 1,?ψ?致尊上的貴賓: xxxx 春夏將至
 
FN: 1,忆宝典》～亚马逊卖xx.x元！主讲英语真题解析，词汇语法等启动复习知识，免费试听，机会难得！
 
FN: 1,深圳鑫科动力设备公司专业为您提供柴油发电机维修
 
FN: 1,[亿旺服装]套房出售
 
FN: 1,春夏季量身定制活动
 
FN: 1,东方锦鯉
 
FN: 1,威世顿净水器，火爆招商中，加盟威世顿，你的理想不是梦…
 
FN: 1,com】专注于五粮液白酒招商
 
FN: 1,金鹰携手博天奥能“泰青春”国际旅游大项目x元赴泰，每店客人赴泰不限量，费用全免，玩遍全球最美的十个岛屿之一普吉岛[色][色]一场亚
 
FP: 0,免税产品全场x折赠华东游独家呈现尊?
 
FN: 1,x号星期一“香岛酒楼”邀请“搞笑天王”吉尼斯纪录保持者，“成成”演唱会闪亮登场！集搞笑，绝技，模仿于一身的精彩表演，值得期待。
 
FN: 1,我厂为饭店快餐店制造安装改装维修节能炉冰柜空调电器清洗油烟机
 
FN: 1,修后付款xxxxx
 
FN: 1,澳门威尼斯人赌场】  ?澳门权威赌场直营
 
FN: 1,学苑日化x.x.x.号金欧莱
 
FN: 1,型儿童乐园、通城大舞台，通城体校，新加坡美食城、大批光谷步行街品牌小吃，餐饮。火热招商中
 
FN: 1,感謝支持彩虹集團於澳門金麗華酒店地下大堂名店街舉行盛大特價酬賓
 
FN: 1,俊越车行欢迎你的来电
 
FN: 1,液x瓶，时间x月x至x月xx日
 
FN: 1,招工啦！！ 【华硕】【达富】【昌硕】【金像】【佳能】【晶端】【乐轩】【莱克】【欧姆龙】等大量电子厂招工          缺钱的朋友
 
FP: 0,蓝光天娇城16栋的贷款可以办理了吗您好
 
FN: 1,春天来临
 
FP: 0,無聊在家de扣：xxx⑴⑴x⑻⑺⑷x
 
FN: 1,元宵节
 
FN: 1,专为特邀客户设计的活动，每个月只要在新 世 界有存提款，并盈利大于x百元
 
FN: 1,准格尔布尔陶亥苏木纯天然山区土鸡蛋:山区草地散养鸡，吃的山地虫草粮，喝的沟底矿泉水。家有千万
 
FN: 1,三农通:【供求务工】华宁县盘溪镇新村村委会绿豆庄村
 
FN: 1,R.本人xx年出生
 
FP: 0,内、外资工商登记、变更、注销、转让、年审、企业建账、报税、验资、审计、清算、汇算清缴、税务登记、变更、注销、代理记账、申请办理一般纳税人资格、刻章、登报等
 
FN: 1,湘财xxxx年首个类保本保收益资管产品，年化收益高达x%
 
FN: 1,南山龙郡北门）洗车行x元特惠洗车
 
FP: 0,尊敬的旅客朋友们：为了给广大旅客朋友提供更加便利的服务
 
FN: 1,河北沧州拉花土到天津、北京，运距是xxx、xxx公里。甲方免费供油，高速费，吃住
 
FN: 1,佛山市顺德区信丰快递有限公司:信丰快递有限公司
 
FN: 1,维多利亚商务宾馆更换一批新麻将桌
 
FN: 1,新偶像将免费开放店内皇牌项目体验，并有顶级大师为您定制免费的西式自助点心，您可以一边吃一边免费体验新偶像三大皇牌项目！分享此信息到
 
FN: 1,费抛光）
 
FP: 0,新款文胸全线满xxx元立减xx元
 
FN: 1,帮忙问下有烧菜的吗？工资xxxx左右，配菜xxxx左右
 
FN: 1,春茶龙井抢先上市～得空可到店品尝～先到先得哦～天福茗茶小董
 
FN: 1,今期必中将介石?旁门左道取机数
 
FN: 1,各类特色模特！珠帘遮面衬黑丝
 
FN: 1,底薪xxxx起聘销售精英
 
FN: 1,各位业主你们好
 
FP: 0,你不理财财不理你银洲资本丰厚收益建行存管行业领先是您不错的理财选择
 
FP: 0,会员买铂PTxxx饰品xxx元/克基础上立减xx元/克
 
FN: 1,泉州成洲旧货市场
 
FN: 1,学化妆美甲纹绣扮靓她人来改善自己的仪表形象，就业范围广，薪资高，小投资，高回报，卓尚形象设计彩妆、美甲、纹绣培训是中国国际形象教育联盟
 
FP: 0,x—x月共办理环境影响报告书xx项、报告表xxx项、登记表xxx项
 
FN: 1,清江边的一线江景准现房“锦江一品
 
FP: 0,尊敬的用户：您的手机自本月起已具有提款功能
 
FN: 1,买商品送车险，车险真的不要钱，买多少钱商品送多少车险，商品多样话任你来挑选，联系人：吉勇。联系电话：xxxxxxxxxxx酒，皮包，金吊坠，洗车器，夏凉被，紫砂杯，钱包，饭盒，户外帐蓬，电炒锅，手机充电宝……
 
FN: 1,上海微募投资专注期货配资、股票配资、外盘期货配资、合作方式x:利息+低手续费 x:无利息、只收手续费、一手资金批发、全国招募代理深度性
 
FN: 1,加气机.加气泵.高压胶管.万向鹤管等
 
FN: 1,菲彩国际，网站fcxxxx.com自己可以注册！但不懂的话，搞就麻烦点！
 
FN: 1,xx万欧葡萄牙买 房移 民
 
FP: 0,以下款式单双减xxx贰双减xxx再满xxx减xx活动时间仅限x月x至x
 
FN: 1,科学足道
 
FN: 1,赶集网是最大最全最活跃的生活信息网站
 
FP: 0,〖xxxxxx☆贤☆紧急〗xxxx亚洲十帅投票
 
FN: 1,合作银行信用卡在兰溪x家洗车点洗车只需一元钱，活动详情咨询热线xxxxxxxx。
 
FP: 0,邮件：公公怂恿老公起诉离婚小雨您好：我是一位陷入感情纠葛中的女士
 
FP: 0,您将获得奖金xxxxx元以及苹果笔记本电脑一台
 
FN: 1,《新天地咻閑哙所》全套服务加保健按摩油推，胸推，制服诱惑
 
FN: 1,专业造水泥制管机
 
FN: 1,六都电器商贸有限公司最新中九一键切换亚x，不重台不窜音让你轻松方便赚钱。全系到货先抢先得。登录公司QQxxxxxxxxxx进一步了解系列产品
 
FN: 1,地址:西湖区文三路xxx号
 
FN: 1,s长期诚信在本市作各类资格职称
 
FN: 1,xxxxxxxxxxxxx付万猛农业银行
 
FN: 1,澳门国际赌 场:真人在线娱乐
 
FN: 1,法◎轮◎大◎法是佛法，已传播xxx个国家和地区，xxxx年的天〉安门自〤焚事件，被国际教育发展组织调查(IED)证实为造假新闻，那是共
 
FN: 1,平安无抵押贷款
 
FN: 1,七字诗：主攻：x
 
FN: 1,茶叶店招聃女工
 
FN: 1,电子招男女，xx，精进电动招数控和应届生，乔山，等等欢咨询
 
FP: 0,xxxxxxxxxxxxxxxxxxx李娜
 
FN: 1,喜讯
 
FN: 1,农业行xxxx
 
FN: 1,宁波市得胜行商贸有限公司是一家专营国际品牌服饰的商贸公司，注册资金xxx万。经过长期发展沉淀已经成为一个拥有xxx余位员工，年销售逾亿
 
FN: 1,大润发娱-乐-城
 
FN: 1,各位亲;您们好
 
FN: 1,xx
 
FN: 1,xxxx年你看房，房价xxxxx\平，你没有买房，你说国家要出台不动产登记，房价一定会跌！    xxxx年你还在继续看房，上海均价
 
FP: 0,榴莲包充足～可跑腿xxxxxxxxxxx～
 
FP: 0,尊敬的用户：您的手机目前已具有提款功能
 
FP: 0,广西弘驰东南三菱汽车、喜洋洋婚纱摄影、金宝贝早教中心在正恒商业广场举办“乐活一夏·激情正恒”主题活动
 
FP: 0,活动一：预订机票满xxxx元最高可获xxxx信用卡积分回馈
 
FN: 1,各位亲们: 春夏产品重新组合
 
FN: 1,xxxxxxxxxxxK歌就在嗨歌纯K
 
FN: 1,第xxx届广交会部分展位已出号
 
FN: 1,新火车站现房
 
FN: 1,厦门荣誉国际酒店.主营:八大菜系
 
FN: 1,唐山百丰商贸
 
FN: 1,中国工商银行                                            雷墨浓。xxxxxxxxxxxxx
 
FN: 1,信用社存折号：xxxxxxxxxxxxxxxxxxxxxxx，户名：欧林涛
 
FN: 1,x庆祝兴辉上市x周年
 
FP: 0,同時創造財富根源的一、總找方法xx%二：膽大xx%三、熱愛學習xx%四、果斷決策xx%五、立即行動x%六、不斷激勵自己x%七、不怕拒絕x%八、放大格局x%九、面對現實x％注
 
FP: 0,$$$只有交强险$$$就可以做车辆抵押贷款
 
FN: 1,移动宽带直飚xxxM
 
FN: 1,独家银行信用贷，款
 
FN: 1,x月x日至x日
 
FN: 1,众诚传动，业精致远
 
FN: 1,为感谢新老顾客多年来对济民
 
FN: 1,羊年开门红
 
FN: 1,现有大量珍藏《女儿红》，有x
 
FP: 0,操作步骤：登录工行手机银行—进入“分行特色”栏目—活动专区—进入“争当人气王”栏目—输入我的编码xxxxxx进行投票
 
FP: 0,：服务介绍专业提供：单位、企事业、办公商务区域、医院、学校、会议室、剧院、别墅、公寓等各种大型及中小型布艺窗帘、挂帘、拉帘、百叶窗帘、
 
FP: 0,出售抵押不过户：xx年x月宝马xxxLi
 
FN: 1,骏杰电脑制版激光刀模厂.专业激光刀模
 
FN: 1,代驾xx元
 
FP: 0,二、具体安排：x月x号至xx号
 
FN: 1,现代xx
 
FP: 0,xxxx～xxxx年智利冶金和金属加工行业x万工人失业利润连续xx个月下滑
 
FN: 1,广东佛山顺强气球公司 批发各种气球.打气筒.杆套.双面胶.彩带.雪花，喷彩，礼炮，气球印字，手拍，空飘气球，拱门，落地球，风机，氦气，
 
FP: 0,承接各种贷款小额大额平安易贷黑户白户都能办全国办理信用卡
 
FN: 1,一代佳人国际KTV俱乐部以打造休闲文化为主旨
 
FN: 1,千与千寻套装折后￥xxxx
 
FN: 1,房子还在，两证没有五年，精装修，看房预约
 
FN: 1,基本不变
 
FN: 1,知己集团欢迎您
 
FN: 1,预期收益x.x％－x.x％
 
FN: 1,有精美礼品赠送！特色项目有:E光脱毛美白嫩肤！风靡全球的热玛吉拉皮去皱！五行能量代谢减肥瘦身！TBS青春定格术！静脉曲张，滑囊炎，滑膜
 
FN: 1,欧派力量诚信xxx
 
FN: 1,初二下学期数学内容在中考考查高达xx分
 
FN: 1,平安金控投资基金管理(北京)有限公司，杭州分公司。主要从事定向增发，并购重组，PE股权，阳光私募资产管理等业务。高薪招聘产品销售经理及
 
FN: 1,相约三八
 
FN: 1,★青藤书院留学资讯——青藤书院特邀北京资深留学专家召开留学咨询座谈会
 
FN: 1,特聘陕西省物理权威黎老师
 
FP: 0,欢迎全国各地新老客户前来咨询洽谈
 
FN: 1,富威堡娱乐公司是一间集KTV、慢摇CLUB、沐足、桑拿、棋牌、桌球、旅业等大型娱乐公司
 
FP: 0,红米NOTE移动xG双卡增强白???报价：xxx
 
FN: 1,米乐星西门店重磅推出!生日免费K歌
 
FP: 0,刚刚收到来自10086的短信：尊敬的客户：您的积分即将失效
 
FN: 1,x:xxxxx元起
 
FN: 1,城里街振华商厦完达山奶粉七折啦xx日止
 
FN: 1,平安车主信用卡： 加油xx折，每月最高返还xx元 消费积分可兑换平安车险保费
 
FP: 0,有xx户已办理为艺术、体育、卫生、托管、教育类家政服务等培训机构
 
FP: 0,出租宁波江东李惠利医院对面时代华庭精装电器齐全公寓冰箱、洗衣机、热水器、彩电、家具、管道煤气独立厨卫1700/月小贺中介13566308799
 
FN: 1,本人现在承办驾驶证业务!招收学员，一对 一教学
 
FP: 0,学大教育集团祝各位新年快乐
 
FN: 1,有徽行xx，xx小票扣x
 
FN: 1,唯利是图去复来？众说纷纷特码数，攀龙附凤也无功。送：易中一六和？
 
FN: 1,现在保利香槟国际，xx平米x楼的房子继续在卖。xx万。毛坯房，之前客户等着要的就是这套房子，大家抓紧拉！
 
FN: 1,xxxx期头Oxxxxx尾xxxxOx主攻头xxx主攻尾xxx佰位Oxx什位xxx
 
FN: 1,包含ERP
 
FN: 1,人在做，天在看，幻想中共留祸患、满身血债天地灭，退党团队寻平安！
 
FN: 1,邯郸市中兆灰钙厂 ，引进国内最先进的流水线生产设备，浙江建德灰钙厂技术指导，集石灰石开采、加工、销售于一体
 
FP: 0,一生平安xx年还返本xxx%本金
 
FN: 1,央行又降息啦
 
FN: 1,i，i月半湾内衣庆三·八节活动开始了
 
FN: 1,安寿险客户李经理；向你送祝福了^_^  想办理寿险＼车险＼信用卡 的别忘了找我呦:^_^
 
FN: 1,芝蔓防晒特价组合：  赤道精灵神奇百变乳十水元素精华乳特价：xxx元  丝绒幻彩BB霜十水元素精华乳特价：xxx元 美容院xx组起定
 
FN: 1,【用友汽车】尊敬的车主
 
FN: 1,(新~葡~京)
 
FN: 1,租别墅开party是最时尚
 
FN: 1,账号xxxxxxyin   申请xx彩金  谢谢
 
FN: 1,xxxx
 
FN: 1,花都名妆献爱心
 
FP: 0,xx我与永旺丢失苹果x一部、手里很多工作需要的文件、有认识视频中白连衣裙黑色小皮鞋、粉色小包的女人请跟我联系必定重谢
 
FN: 1,xxxxxxxxxxxK歌就在嗨歌纯K
 
FN: 1,国企出品
 
FN: 1,张家港国际购物中心五楼匡威阿迪耐克全场五折至八折欢迎前来选购
 
FP: 0,本人去年xx月份通过“众悦学车网”报名西安金海驾校学车
 
FP: 0,～地址：车站大道xxx号智慧谷i幢xxx
 
FN: 1,中国家政百强企业安子新家政!xx年来为数万个家庭提供经过专业培训的居家保姆
 
FN: 1,阿里巴巴诚信通xx周年庆，特别招募活动推荐会员!即时预定，独享特权：询价单订阅x个月+阿里小二全程指导+企业APP一年（优先体验权）
 
FN: 1,，是上海第一家“清茶膳餐厅”/:coffee已经有很多房地产大佬亲临现场尝鲜，并给予了点赞！/:strong 地址：上海淮海路的香港广
 
FN: 1,老板想继续跟我料帮冲点话费我一直发信息两个半波x粒码给你中大钱！请相你黄生！
 
FP: 0,给力价格xxxxxx发售…专注精品…章
 
FN: 1,东莞银行凤岗支行x月公司理财
 
FN: 1,Viva酒吧，今晚新地方
 
FN: 1,大哥我是百合。我是真心想与您交个朋友的。我也绝对是一个十分漂亮的女孩。从一个名牌大学生变成今天不得不外出
 
FN: 1,之前联系您的小余
 
FN: 1,东街新华都百货女神节
 
FP: 0,现场将有礼品回馈~期待您的光临
 
FN: 1,努力不如选择
 
FN: 1,快乐女人节爱你金六福
 
FN: 1,深圳捷龙物流专业承接深圳至全国各地物流
 
FN: 1,福田市场工艺品营业员兼电子商务，月休x天
 
FN: 1,九八经典面包坊（向高店）；主营：面包
 
FP: 0,x—xx——物业管理有限公司A/xx/x序号xxxxxxxxxxxxxxxxxxx
 
FN: 1,xxxx南充超越xxx
 
FN: 1,关东府酒楼
 
FN: 1,街道口创意體驗城，九樓蓝农田园   吧员 实习期xxxx一个月  转正xxxx  包吃包住  今天应聘的   点还蛮大的
 
FN: 1,湖景，梦莱茵国际帆船俱乐部，千岛湖国际会议中心，xx洞旭宝高尔夫等环绕左右，央企打造x.x底容积率纯别墅社区，百万级别墅千万级享受。
 
FN: 1,襄阳市路路达润滑油有限公司专业批发各种发动机机油
 
FN: 1,，展位号：Exkxx
 
FN: 1,百姓世家装饰x.xx消费者保障活动预热
 
FP: 0,诚招代理无门槛一件发货本店商品一律可批发、零售、团购
 
FN: 1,收益xx%
 
FN: 1,xS店办保险送x次基础保养+x次节气门清洗
 
FN: 1,把家安在学校旁，家长省心，孩子安心。禧瑞都打造包头市和谐社区
 
FN: 1,新春来临
 
FN: 1,品《永安鑫》正热
 
FN: 1,乐华投资，大佛山地区，房产抵押(私人/银行
 
FN: 1,您好：徐州市丰途工程机械租赁公司常年对外设备租赁：推土机
 
FN: 1,今晚比鸡猴羊马龙蛇，连准左二十五期，今晚吾知准吾准。
 
FP: 0,xx元/分钟、省内直拨漫游地和您归属地电话x
 
FN: 1,天森集团招聘岗位，珠宝销售员，建材销售员要求：形象气质佳，语言表达能力强，适应力强。面试地址，官渡区世纪金源商务中心x幢楼A座
 
FN: 1,pinyin.cn/xjSJfPKywlu] 看看吧。
 
FP: 0,KTV锌合金制品、不锈钢制品、爱马仕制品、树脂制品及软装用品、特色定制用品、高端蓝水晶等娱乐用品
 
FP: 0,SL西点烘培给您不一样的味蕾感受进店朋友可赠送SL私家精美点心一份
 
FN: 1,賞柚花品艾宴，出发吧！畅游雁鸣湖、灵光寺实惠多多哦！~（xxx元/人：雁鸣湖+灵光寺+x正餐+xx元游玩项目券； xxx元/人：雁鸣湖
 
FN: 1,开o
 
FN: 1,x月x-x日
 
FN: 1,历史演大戏
 
FN: 1,牛市继续，还未入货的可逢低买入有业绩股票，迎接全面牛市的到来，需开户或咨询请给我来电，万联证券：梁智勇
 
FN: 1,发布
 
FN: 1,闹元宵，摘星星
 
FN: 1,河南旭光传动轴驻(温州潘桥)分厂、制作销售传动轴总成、及配件批发零售、电脑精校传动轴、整车传动轴联合平衡，保持原车动态！！用实力、让质
 
FP: 0,我是xxx刚拜访过您”“不可能
 
FP: 0,年底安排境内及出国旅游地址：长沙市天心区南湖路隧道口东怡外国A座xxxx联系人：小菓电话：xxxxxxxxxxx
 
FN: 1,今晚六合田科长
 
FN: 1,有建行信用卡
 
FN: 1,本期水一木一金野兽开一特
 
FN: 1,<+xxxxxxxxxxxxx>
 
FN: 1,号召超级赢 钱王～当月在新世 界盈利大于一百元
 
FN: 1,瑞丰商店供应各种日用百货
 
FN: 1,瑞安兔仔唛童装店，店面已转
 
FN: 1,专业纺织培训领导品牌: 免费试听
 
FN: 1,[我们的专注，只为xd打印！]德国DLP技术光固化领导品牌 EnvisionTec xd打印机 
 
FN: 1,“德国新风尚
 
FP: 0,一箱以上价格更低、xxx以上xx、机会难得
 
FN: 1,孕妈您好
 
FP: 0,报名联系电话xxxxxxxxxxx/xxxxxx
 
FN: 1,多少法轮功好人被非法判刑，他们的孩子成为孤儿，他们的父母无人赡养；甚至还被活×摘气官贩卖；人间悲剧不断因为破害而上演。所有破害者都会接
 
FP: 0,武昌洪山江夏青山信用卡套现养卡代还款无抵押贷款—武汉天下信息网
 
FN: 1,全友卫浴   x
 
FN: 1,x.xx活动开始了
 
FN: 1,为回 馈亲爱的会员一直以来的光临惠顾
 
FN: 1,腾飞教育特别提示：x
 
FN: 1,新太昌汽车修理部.专业汽车维修喷漆
 
FP: 0,x元/x支/人*xx万住院患者/年=xxx
 
